<?xml version="1.0" encoding="UTF-8"?>
<!-- Generated by org.testng.reporters.JUnitReportReporter -->
<testsuite skipped="2" hostname="DESKTOP-663H05K" name="tests.TC001_CreateLead" tests="3" failures="0" timestamp="04 Nov 2020 12:31:23 GMT" time="25.319" errors="1">
  <testcase name="login" time="25.319" classname="tests.TC001_CreateLead">
    <error type="org.openqa.selenium.SessionNotCreatedException" message="session not created: This version of ChromeDriver only supports Chrome version 75
Build info: version: &#039;3.141.59&#039;, revision: &#039;e82be7d358&#039;, time: &#039;2018-11-14T08:17:03&#039;
System info: host: &#039;DESKTOP-663H05K&#039;, ip: &#039;192.168.1.8&#039;, os.name: &#039;Windows 8.1&#039;, os.arch: &#039;x86&#039;, os.version: &#039;6.3&#039;, java.version: &#039;1.8.0&#039;
Driver info: driver.version: ChromeDriver
remote stacktrace: Backtrace:
	Ordinal0 [0x00777DF3+1474035]
	Ordinal0 [0x006F07D1+919505]
	Ordinal0 [0x0068CB43+510787]
	Ordinal0 [0x00621B0F+72463]
	Ordinal0 [0x0061E3F3+58355]
	Ordinal0 [0x00640CE4+199908]
	Ordinal0 [0x0064069D+198301]
	Ordinal0 [0x0063EECB+192203]
	Ordinal0 [0x00625FF6+90102]
	Ordinal0 [0x0062765A+95834]
	Ordinal0 [0x00627554+95572]
	GetHandleVerifier [0x008D231C+1249612]
	GetHandleVerifier [0x00821575+525221]
	GetHandleVerifier [0x00821310+524608]
	Ordinal0 [0x00785D28+1531176]
	GetHandleVerifier [0x00821D4A+527226]
	Ordinal0 [0x007075F6+1013238]
	Ordinal0 [0x0070746F+1012847]
	Ordinal0 [0x0071365B+1062491]
	Ordinal0 [0x0071379F+1062815]
	Ordinal0 [0x00712745+1058629]
	BaseThreadInitThunk [0x769DF989+25]
	RtlGetAppContainerNamedObjectPath [0x76FE74B4+228]
	RtlGetAppContainerNamedObjectPath [0x76FE7484+180]
">
      <![CDATA[org.openqa.selenium.SessionNotCreatedException: session not created: This version of ChromeDriver only supports Chrome version 75
Build info: version: '3.141.59', revision: 'e82be7d358', time: '2018-11-14T08:17:03'
System info: host: 'DESKTOP-663H05K', ip: '192.168.1.8', os.name: 'Windows 8.1', os.arch: 'x86', os.version: '6.3', java.version: '1.8.0'
Driver info: driver.version: ChromeDriver
remote stacktrace: Backtrace:
Ordinal0 [0x00777DF3+1474035]
Ordinal0 [0x006F07D1+919505]
Ordinal0 [0x0068CB43+510787]
Ordinal0 [0x00621B0F+72463]
Ordinal0 [0x0061E3F3+58355]
Ordinal0 [0x00640CE4+199908]
Ordinal0 [0x0064069D+198301]
Ordinal0 [0x0063EECB+192203]
Ordinal0 [0x00625FF6+90102]
Ordinal0 [0x0062765A+95834]
Ordinal0 [0x00627554+95572]
GetHandleVerifier [0x008D231C+1249612]
GetHandleVerifier [0x00821575+525221]
GetHandleVerifier [0x00821310+524608]
Ordinal0 [0x00785D28+1531176]
GetHandleVerifier [0x00821D4A+527226]
Ordinal0 [0x007075F6+1013238]
Ordinal0 [0x0070746F+1012847]
Ordinal0 [0x0071365B+1062491]
Ordinal0 [0x0071379F+1062815]
Ordinal0 [0x00712745+1058629]
BaseThreadInitThunk [0x769DF989+25]
RtlGetAppContainerNamedObjectPath [0x76FE74B4+228]
RtlGetAppContainerNamedObjectPath [0x76FE7484+180]

at sun.reflect.NativeConstructorAccessorImpl.newInstance0(Native Method)
at sun.reflect.NativeConstructorAccessorImpl.newInstance(NativeConstructorAccessorImpl.java:62)
at sun.reflect.DelegatingConstructorAccessorImpl.newInstance(DelegatingConstructorAccessorImpl.java:45)
at java.lang.reflect.Constructor.newInstance(Constructor.java:408)
at org.openqa.selenium.remote.W3CHandshakeResponse.lambda$errorHandler$0(W3CHandshakeResponse.java:62)
at org.openqa.selenium.remote.W3CHandshakeResponse$$Lambda$204/25384064.apply(Unknown Source)
at org.openqa.selenium.remote.HandshakeResponse.lambda$getResponseFunction$0(HandshakeResponse.java:30)
at org.openqa.selenium.remote.HandshakeResponse$$Lambda$199/5361448.apply(Unknown Source)
at org.openqa.selenium.remote.ProtocolHandshake.lambda$createSession$0(ProtocolHandshake.java:126)
at org.openqa.selenium.remote.ProtocolHandshake$$Lambda$200/23656914.apply(Unknown Source)
at java.util.stream.ReferencePipeline$3$1.accept(ReferencePipeline.java:193)
at java.util.Spliterators$ArraySpliterator.tryAdvance(Spliterators.java:958)
at java.util.stream.ReferencePipeline.forEachWithCancel(ReferencePipeline.java:126)
at java.util.stream.AbstractPipeline.copyIntoWithCancel(AbstractPipeline.java:529)
at java.util.stream.AbstractPipeline.copyInto(AbstractPipeline.java:516)
at java.util.stream.AbstractPipeline.wrapAndCopyInto(AbstractPipeline.java:502)
at java.util.stream.FindOps$FindOp.evaluateSequential(FindOps.java:152)
at java.util.stream.AbstractPipeline.evaluate(AbstractPipeline.java:234)
at java.util.stream.ReferencePipeline.findFirst(ReferencePipeline.java:464)
at org.openqa.selenium.remote.ProtocolHandshake.createSession(ProtocolHandshake.java:128)
at org.openqa.selenium.remote.ProtocolHandshake.createSession(ProtocolHandshake.java:74)
at org.openqa.selenium.remote.HttpCommandExecutor.execute(HttpCommandExecutor.java:136)
at org.openqa.selenium.remote.service.DriverCommandExecutor.execute(DriverCommandExecutor.java:83)
at org.openqa.selenium.remote.RemoteWebDriver.execute(RemoteWebDriver.java:552)
at org.openqa.selenium.remote.RemoteWebDriver.startSession(RemoteWebDriver.java:213)
at org.openqa.selenium.remote.RemoteWebDriver.<init>(RemoteWebDriver.java:131)
at org.openqa.selenium.chrome.ChromeDriver.<init>(ChromeDriver.java:181)
at org.openqa.selenium.chrome.ChromeDriver.<init>(ChromeDriver.java:168)
at org.openqa.selenium.chrome.ChromeDriver.<init>(ChromeDriver.java:123)
at libraries.Annotations.login(Annotations.java:19)
at sun.reflect.NativeMethodAccessorImpl.invoke0(Native Method)
at sun.reflect.NativeMethodAccessorImpl.invoke(NativeMethodAccessorImpl.java:62)
at sun.reflect.DelegatingMethodAccessorImpl.invoke(DelegatingMethodAccessorImpl.java:43)
at java.lang.reflect.Method.invoke(Method.java:483)
at org.testng.internal.MethodInvocationHelper.invokeMethod(MethodInvocationHelper.java:124)
at org.testng.internal.MethodInvocationHelper.invokeMethodConsideringTimeout(MethodInvocationHelper.java:59)
at org.testng.internal.Invoker.invokeConfigurationMethod(Invoker.java:458)
at org.testng.internal.Invoker.invokeConfigurations(Invoker.java:222)
at org.testng.internal.Invoker.invokeMethod(Invoker.java:523)
at org.testng.internal.Invoker.invokeTestMethod(Invoker.java:719)
at org.testng.internal.Invoker.invokeTestMethods(Invoker.java:989)
at org.testng.internal.TestMethodWorker.invokeTestMethods(TestMethodWorker.java:125)
at org.testng.internal.TestMethodWorker.run(TestMethodWorker.java:109)
at org.testng.TestRunner.privateRun(TestRunner.java:648)
at org.testng.TestRunner.run(TestRunner.java:505)
at org.testng.SuiteRunner.runTest(SuiteRunner.java:455)
at org.testng.SuiteRunner.runSequentially(SuiteRunner.java:450)
at org.testng.SuiteRunner.privateRun(SuiteRunner.java:415)
at org.testng.SuiteRunner.run(SuiteRunner.java:364)
at org.testng.SuiteRunnerWorker.runSuite(SuiteRunnerWorker.java:52)
at org.testng.SuiteRunnerWorker.run(SuiteRunnerWorker.java:84)
at org.testng.TestNG.runSuitesSequentially(TestNG.java:1208)
at org.testng.TestNG.runSuitesLocally(TestNG.java:1137)
at org.testng.TestNG.runSuites(TestNG.java:1049)
at org.testng.TestNG.run(TestNG.java:1017)
at org.testng.remote.AbstractRemoteTestNG.run(AbstractRemoteTestNG.java:115)
at org.testng.remote.RemoteTestNG.initAndRun(RemoteTestNG.java:251)
at org.testng.remote.RemoteTestNG.main(RemoteTestNG.java:77)
]]>
    </error>
  </testcase> <!-- login -->
  <testcase name="createLeadTest" time="0.000" classname="tests.TC001_CreateLead">
    <skipped/>
  </testcase> <!-- createLeadTest -->
  <testcase name="createLeadTest" time="0.000" classname="tests.TC001_CreateLead">
    <skipped/>
  </testcase> <!-- createLeadTest -->
</testsuite> <!-- tests.TC001_CreateLead -->
